<?xml version="1.0" encoding="UTF-8"?>
<!-- Generated by org.testng.reporters.JUnitReportReporter -->
<testsuite hostname="Smruti-PC" name="companyname.projectname.modulename.Createcustomer" tests="1" failures="0" timestamp="13 Jan 2020 08:27:40 GMT" time="124.636" errors="0">
  <testcase name="Login" time="124.636" classname="companyname.projectname.modulename.Createcustomer"/>
</testsuite> <!-- companyname.projectname.modulename.Createcustomer -->
